[2020-12-29 17:38:04Z INFO HostContext] No proxy settings were found based on environmental variables (http_proxy/https_proxy/HTTP_PROXY/HTTPS_PROXY)
[2020-12-29 17:38:04Z INFO HostContext] Well known directory 'Bin': 'D:\Projects\ApiSaludo\actions-runner\bin'
[2020-12-29 17:38:04Z INFO HostContext] Well known directory 'Root': 'D:\Projects\ApiSaludo\actions-runner'
[2020-12-29 17:38:04Z INFO HostContext] Well known config file 'Credentials': 'D:\Projects\ApiSaludo\actions-runner\.credentials'
[2020-12-29 17:38:04Z INFO Listener] Runner is built for Windows (X64) - win-x64.
[2020-12-29 17:38:04Z INFO Listener] RuntimeInformation: Microsoft Windows 10.0.18363.
[2020-12-29 17:38:04Z INFO Listener] Version: 2.275.1
[2020-12-29 17:38:04Z INFO Listener] Commit: de955418e4e8e0c51546a8495d9236f24edc1321
[2020-12-29 17:38:04Z INFO Listener] Culture: es-CO
[2020-12-29 17:38:04Z INFO Listener] UI Culture: es-ES
[2020-12-29 17:38:04Z INFO HostContext] Well known directory 'Bin': 'D:\Projects\ApiSaludo\actions-runner\bin'
[2020-12-29 17:38:04Z INFO HostContext] Well known directory 'Root': 'D:\Projects\ApiSaludo\actions-runner'
[2020-12-29 17:38:04Z INFO Listener] Validating directory permissions for: 'D:\Projects\ApiSaludo\actions-runner'
[2020-12-29 17:38:04Z INFO CommandLineParser] Parse
[2020-12-29 17:38:04Z INFO CommandLineParser] Parsing 5 args
[2020-12-29 17:38:04Z INFO CommandLineParser] parsing argument
[2020-12-29 17:38:04Z INFO CommandLineParser] HasArgs: False
[2020-12-29 17:38:04Z INFO CommandLineParser] Adding Command: configure
[2020-12-29 17:38:04Z INFO CommandLineParser] parsing argument
[2020-12-29 17:38:04Z INFO CommandLineParser] HasArgs: True
[2020-12-29 17:38:04Z INFO CommandLineParser] arg: url
[2020-12-29 17:38:04Z INFO CommandLineParser] parsing argument
[2020-12-29 17:38:04Z INFO CommandLineParser] HasArgs: True
[2020-12-29 17:38:04Z INFO CommandLineParser] Adding option 'url': 'https://github.com/londono652/apisaludo'
[2020-12-29 17:38:04Z INFO CommandLineParser] parsing argument
[2020-12-29 17:38:04Z INFO CommandLineParser] HasArgs: True
[2020-12-29 17:38:04Z INFO CommandLineParser] arg: token
[2020-12-29 17:38:04Z INFO CommandLineParser] parsing argument
[2020-12-29 17:38:04Z INFO CommandLineParser] HasArgs: True
[2020-12-29 17:38:04Z INFO CommandLineParser] Adding option 'token': '***'
[2020-12-29 17:38:04Z INFO Listener] Arguments parsed
[2020-12-29 17:38:04Z INFO Runner] ExecuteCommand
[2020-12-29 17:38:04Z INFO ConfigurationStore] currentAssemblyLocation: D:\Projects\ApiSaludo\actions-runner\bin\Runner.Listener.dll
[2020-12-29 17:38:04Z INFO HostContext] Well known directory 'Bin': 'D:\Projects\ApiSaludo\actions-runner\bin'
[2020-12-29 17:38:04Z INFO ConfigurationStore] binPath: D:\Projects\ApiSaludo\actions-runner\bin
[2020-12-29 17:38:04Z INFO HostContext] Well known directory 'Bin': 'D:\Projects\ApiSaludo\actions-runner\bin'
[2020-12-29 17:38:04Z INFO HostContext] Well known directory 'Root': 'D:\Projects\ApiSaludo\actions-runner'
[2020-12-29 17:38:04Z INFO ConfigurationStore] RootFolder: D:\Projects\ApiSaludo\actions-runner
[2020-12-29 17:38:04Z INFO HostContext] Well known directory 'Bin': 'D:\Projects\ApiSaludo\actions-runner\bin'
[2020-12-29 17:38:04Z INFO HostContext] Well known directory 'Root': 'D:\Projects\ApiSaludo\actions-runner'
[2020-12-29 17:38:04Z INFO HostContext] Well known config file 'Runner': 'D:\Projects\ApiSaludo\actions-runner\.runner'
[2020-12-29 17:38:04Z INFO ConfigurationStore] ConfigFilePath: D:\Projects\ApiSaludo\actions-runner\.runner
[2020-12-29 17:38:04Z INFO HostContext] Well known directory 'Bin': 'D:\Projects\ApiSaludo\actions-runner\bin'
[2020-12-29 17:38:04Z INFO HostContext] Well known directory 'Root': 'D:\Projects\ApiSaludo\actions-runner'
[2020-12-29 17:38:04Z INFO HostContext] Well known config file 'Credentials': 'D:\Projects\ApiSaludo\actions-runner\.credentials'
[2020-12-29 17:38:04Z INFO ConfigurationStore] CredFilePath: D:\Projects\ApiSaludo\actions-runner\.credentials
[2020-12-29 17:38:04Z INFO HostContext] Well known directory 'Bin': 'D:\Projects\ApiSaludo\actions-runner\bin'
[2020-12-29 17:38:04Z INFO HostContext] Well known directory 'Root': 'D:\Projects\ApiSaludo\actions-runner'
[2020-12-29 17:38:04Z INFO HostContext] Well known config file 'MigratedCredentials': 'D:\Projects\ApiSaludo\actions-runner\.credentials_migrated'
[2020-12-29 17:38:04Z INFO ConfigurationStore] MigratedCredFilePath: D:\Projects\ApiSaludo\actions-runner\.credentials_migrated
[2020-12-29 17:38:04Z INFO HostContext] Well known directory 'Bin': 'D:\Projects\ApiSaludo\actions-runner\bin'
[2020-12-29 17:38:04Z INFO HostContext] Well known directory 'Root': 'D:\Projects\ApiSaludo\actions-runner'
[2020-12-29 17:38:04Z INFO HostContext] Well known config file 'Service': 'D:\Projects\ApiSaludo\actions-runner\.service'
[2020-12-29 17:38:04Z INFO ConfigurationStore] ServiceConfigFilePath: D:\Projects\ApiSaludo\actions-runner\.service
[2020-12-29 17:38:04Z INFO CommandSettings] Flag 'help': 'False'
[2020-12-29 17:38:04Z INFO CommandSettings] Flag 'version': 'False'
[2020-12-29 17:38:04Z INFO CommandSettings] Flag 'commit': 'False'
[2020-12-29 17:38:04Z INFO CommandSettings] Command 'configure': 'True'
[2020-12-29 17:38:04Z INFO Terminal] WRITE LINE: 
[2020-12-29 17:38:04Z INFO Terminal] WRITE LINE: --------------------------------------------------------------------------------
[2020-12-29 17:38:04Z INFO Terminal] WRITE LINE: |        ____ _ _   _   _       _          _        _   _                      |
[2020-12-29 17:38:04Z INFO Terminal] WRITE LINE: |       / ___(_) |_| | | |_   _| |__      / \   ___| |_(_) ___  _ __  ___      |
[2020-12-29 17:38:04Z INFO Terminal] WRITE LINE: |      | |  _| | __| |_| | | | | '_ \    / _ \ / __| __| |/ _ \| '_ \/ __|     |
[2020-12-29 17:38:04Z INFO Terminal] WRITE LINE: |      | |_| | | |_|  _  | |_| | |_) |  / ___ \ (__| |_| | (_) | | | \__ \     |
[2020-12-29 17:38:04Z INFO Terminal] WRITE LINE: |       \____|_|\__|_| |_|\__,_|_.__/  /_/   \_\___|\__|_|\___/|_| |_|___/     |
[2020-12-29 17:38:04Z INFO Terminal] WRITE LINE: |                                                                              |
[2020-12-29 17:38:04Z INFO Terminal] WRITE: |                       
[2020-12-29 17:38:04Z INFO Terminal] WRITE: Self-hosted runner registration
[2020-12-29 17:38:04Z INFO Terminal] WRITE LINE:                         |
[2020-12-29 17:38:04Z INFO Terminal] WRITE LINE: |                                                                              |
[2020-12-29 17:38:04Z INFO Terminal] WRITE LINE: --------------------------------------------------------------------------------
[2020-12-29 17:38:04Z INFO ConfigurationManager] ConfigureAsync
[2020-12-29 17:38:04Z INFO ConfigurationStore] IsConfigured()
[2020-12-29 17:38:04Z INFO ConfigurationStore] IsConfigured: False
[2020-12-29 17:38:04Z INFO ConfigurationManager] Is configured: False
[2020-12-29 17:38:04Z INFO CommandSettings] Arg 'url': 'https://github.com/londono652/apisaludo'
[2020-12-29 17:38:04Z INFO CommandSettings] Remove url from Arg dictionary.
[2020-12-29 17:38:04Z INFO CommandSettings] Arg 'token': '***'
[2020-12-29 17:38:04Z INFO CommandSettings] Remove token from Arg dictionary.
[2020-12-29 17:38:05Z INFO ConfigurationManager] Http response code: OK from 'POST https://api.github.com/actions/runner-registration'
[2020-12-29 17:38:05Z INFO ConfigurationManager] cred retrieved via GitHub auth
[2020-12-29 17:38:05Z INFO RunnerServer] Establish connection with 100 seconds timeout.
[2020-12-29 17:38:05Z INFO GitHubActionsService] Starting operation Location.GetConnectionData
[2020-12-29 17:38:05Z INFO RunnerServer] Establish connection with 60 seconds timeout.
[2020-12-29 17:38:05Z INFO GitHubActionsService] Starting operation Location.GetConnectionData
[2020-12-29 17:38:05Z INFO RunnerServer] Establish connection with 60 seconds timeout.
[2020-12-29 17:38:05Z INFO GitHubActionsService] Starting operation Location.GetConnectionData
[2020-12-29 17:38:06Z INFO GitHubActionsService] Finished operation Location.GetConnectionData
[2020-12-29 17:38:06Z INFO GitHubActionsService] Finished operation Location.GetConnectionData
[2020-12-29 17:38:06Z INFO GitHubActionsService] Finished operation Location.GetConnectionData
[2020-12-29 17:38:06Z INFO Terminal] WRITE LINE: 
[2020-12-29 17:38:06Z INFO ConfigurationManager] Test Connection complete.
[2020-12-29 17:38:06Z INFO HostContext] Well known directory 'Bin': 'D:\Projects\ApiSaludo\actions-runner\bin'
[2020-12-29 17:38:06Z INFO HostContext] Well known directory 'Root': 'D:\Projects\ApiSaludo\actions-runner'
[2020-12-29 17:38:06Z INFO HostContext] Well known config file 'RSACredentials': 'D:\Projects\ApiSaludo\actions-runner\.credentials_rsaparams'
[2020-12-29 17:38:06Z INFO RSAEncryptedFileKeyManager] Creating new RSA key using 2048-bit key length
[2020-12-29 17:38:06Z INFO RSAEncryptedFileKeyManager] Successfully saved RSA key parameters to file D:\Projects\ApiSaludo\actions-runner\.credentials_rsaparams
[2020-12-29 17:38:06Z INFO ConfigurationManager] Found a self-hosted runner group with id {1} and name {2} 1, Default
[2020-12-29 17:38:06Z INFO CommandSettings] Arg 'name': ''
[2020-12-29 17:38:06Z INFO CommandSettings] Flag 'unattended': 'False'
[2020-12-29 17:38:06Z INFO PromptManager] ReadValue
[2020-12-29 17:38:06Z INFO Terminal] WRITE: Enter the name of runner: 
[2020-12-29 17:38:06Z INFO Terminal] WRITE: [press Enter for DESKTOP-J2FF6J3] 
[2020-12-29 17:38:06Z INFO Terminal] READ LINE
[2020-12-29 17:38:17Z INFO Terminal] Read value: 'londo'
[2020-12-29 17:38:17Z INFO Terminal] WRITE LINE: 
[2020-12-29 17:38:17Z INFO CommandSettings] Arg 'labels': ''
[2020-12-29 17:38:17Z INFO CommandSettings] Flag 'unattended': 'False'
[2020-12-29 17:38:17Z INFO PromptManager] ReadValue
[2020-12-29 17:38:17Z INFO Terminal] WRITE: This runner will have the following labels: 'self-hosted', 'Windows', 'X64' 
Enter any additional labels (ex. label-1,label-2): 
[2020-12-29 17:38:17Z INFO Terminal] WRITE: [press Enter to skip] 
[2020-12-29 17:38:17Z INFO Terminal] READ LINE
[2020-12-29 17:38:26Z INFO Terminal] Read value: ''
[2020-12-29 17:38:26Z INFO Terminal] WRITE LINE: 
[2020-12-29 17:38:27Z INFO ConfigurationStore] Saving OAuth credential @ D:\Projects\ApiSaludo\actions-runner\.credentials
[2020-12-29 17:38:27Z INFO ConfigurationStore] Credentials Saved.
[2020-12-29 17:38:27Z INFO ConfigurationStore] HasCredentials()
[2020-12-29 17:38:27Z INFO ConfigurationStore] stored True
[2020-12-29 17:38:27Z INFO CredentialManager] GetCredentialProvider
[2020-12-29 17:38:27Z INFO CredentialManager] Creating type OAuth
[2020-12-29 17:38:27Z INFO CredentialManager] Creating credential type: OAuth
[2020-12-29 17:38:27Z INFO RSAEncryptedFileKeyManager] Loading RSA key parameters from file D:\Projects\ApiSaludo\actions-runner\.credentials_rsaparams
[2020-12-29 17:38:27Z INFO RunnerServer] Establish connection with 100 seconds timeout.
[2020-12-29 17:38:27Z INFO GitHubActionsService] Starting operation Location.GetConnectionData
[2020-12-29 17:38:27Z INFO RunnerServer] Establish connection with 60 seconds timeout.
[2020-12-29 17:38:27Z INFO GitHubActionsService] Starting operation Location.GetConnectionData
[2020-12-29 17:38:27Z INFO RunnerServer] Establish connection with 60 seconds timeout.
[2020-12-29 17:38:27Z INFO GitHubActionsService] Starting operation Location.GetConnectionData
[2020-12-29 17:38:27Z INFO GitHubActionsService] Finished operation Location.GetConnectionData
[2020-12-29 17:38:27Z INFO GitHubActionsService] Finished operation Location.GetConnectionData
[2020-12-29 17:38:27Z INFO GitHubActionsService] Finished operation Location.GetConnectionData
[2020-12-29 17:38:27Z INFO GitHubActionsService] Starting operation Location.GetConnectionData
[2020-12-29 17:38:27Z INFO GitHubActionsService] Finished operation Location.GetConnectionData
[2020-12-29 17:38:27Z INFO GitHubActionsService] Starting operation Location.GetConnectionData
[2020-12-29 17:38:27Z INFO GitHubActionsService] Finished operation Location.GetConnectionData
[2020-12-29 17:38:27Z INFO GitHubActionsService] Starting operation Location.GetConnectionData
[2020-12-29 17:38:27Z INFO GitHubActionsService] Finished operation Location.GetConnectionData
[2020-12-29 17:38:28Z WARN GitHubActionsService] Authentication failed with status code 401.
Transfer-Encoding: chunked
WWW-Authenticate: Bearer
Strict-Transport-Security: max-age=2592000
X-TFS-ProcessId: a3b17214-6a9f-4584-9009-bcf5e6ad23ae
ActivityId: b7fd32b9-7395-4f7f-b787-9fe05a9d2651
X-TFS-Session: 3ecf18a6-1a93-4adc-ae75-a4ace8643301
X-VSS-E2EID: 25daa526-996b-45b9-b6f7-3e7f59814260
X-VSS-SenderDeploymentId: 13a19993-c6bc-326c-afb4-32c5519f46f0
X-TFS-ServiceError: The+user+%27System%3aPublicAccess%3baaaaaaaa-aaaa-aaaa-aaaa-aaaaaaaaaaaa%27+is+not+authorized+to+access+this+resource.
X-VSS-S2STargetService: 0000005A-0000-8888-8000-000000000000/visualstudio.com
X-MSEdge-Ref: Ref A: DCD3206806C04CE6AB9C8B3F82E5175E Ref B: BOG30EDGE0114 Ref C: 2020-12-29T17:38:27Z
Date: Tue, 29 Dec 2020 17:38:27 GMT

[2020-12-29 17:38:28Z INFO RSAEncryptedFileKeyManager] Loading RSA key parameters from file D:\Projects\ApiSaludo\actions-runner\.credentials_rsaparams
[2020-12-29 17:38:28Z INFO RSAEncryptedFileKeyManager] Loading RSA key parameters from file D:\Projects\ApiSaludo\actions-runner\.credentials_rsaparams
[2020-12-29 17:38:28Z INFO GitHubActionsService] AAD Correlation ID for this token request: Unknown
[2020-12-29 17:38:28Z INFO CommandSettings] Arg 'work': ''
[2020-12-29 17:38:28Z INFO CommandSettings] Flag 'unattended': 'False'
[2020-12-29 17:38:28Z INFO PromptManager] ReadValue
[2020-12-29 17:38:28Z INFO Terminal] WRITE: Enter name of work folder: 
[2020-12-29 17:38:28Z INFO Terminal] WRITE: [press Enter for _work] 
[2020-12-29 17:38:28Z INFO Terminal] READ LINE
[2020-12-29 17:38:50Z INFO Terminal] Read value: ''
[2020-12-29 17:38:50Z INFO PromptManager] Falling back to the default: '_work'
[2020-12-29 17:38:50Z INFO ConfigurationStore] Saving runner settings.
[2020-12-29 17:38:50Z INFO ConfigurationStore] Settings Saved.
[2020-12-29 17:38:50Z INFO Terminal] WRITE LINE: 
[2020-12-29 17:38:50Z INFO Terminal] WRITE LINE: 
[2020-12-29 17:38:50Z INFO CommandSettings] Flag 'runasservice': 'False'
[2020-12-29 17:38:50Z INFO CommandSettings] Flag 'unattended': 'False'
[2020-12-29 17:38:50Z INFO PromptManager] ReadValue
[2020-12-29 17:38:50Z INFO Terminal] WRITE: Would you like to run the runner as service? (Y/N) 
[2020-12-29 17:38:50Z INFO Terminal] WRITE: [press Enter for N] 
[2020-12-29 17:38:50Z INFO Terminal] READ LINE
[2020-12-29 17:38:59Z INFO Terminal] Read value: 'y'
[2020-12-29 17:38:59Z INFO ConfigurationManager] Configuring to run the agent as service
[2020-12-29 17:38:59Z ERR  WindowsServiceControlManager] Needs Administrator privileges for configure runner as windows service.
[2020-12-29 17:38:59Z ERR  Runner] System.Security.SecurityException: Needs Administrator privileges for configuring runner as windows service.
   at GitHub.Runner.Listener.Configuration.WindowsServiceControlManager.ConfigureService(RunnerSettings settings, CommandSettings command)
   at GitHub.Runner.Listener.Configuration.ConfigurationManager.ConfigureAsync(CommandSettings command)
   at GitHub.Runner.Listener.Runner.ExecuteCommand(CommandSettings command)
[2020-12-29 17:38:59Z ERR  Terminal] WRITE ERROR: Needs Administrator privileges for configuring runner as windows service.
[2020-12-29 17:38:59Z INFO Listener] Runner execution has finished with return code 1
