[2020-12-29 17:40:08Z INFO HostContext] No proxy settings were found based on environmental variables (http_proxy/https_proxy/HTTP_PROXY/HTTPS_PROXY)
[2020-12-29 17:40:08Z INFO HostContext] Well known directory 'Bin': 'D:\Projects\ApiSaludo\actions-runner\bin'
[2020-12-29 17:40:08Z INFO HostContext] Well known directory 'Root': 'D:\Projects\ApiSaludo\actions-runner'
[2020-12-29 17:40:08Z INFO HostContext] Well known config file 'Credentials': 'D:\Projects\ApiSaludo\actions-runner\.credentials'
[2020-12-29 17:40:08Z INFO Listener] Runner is built for Windows (X64) - win-x64.
[2020-12-29 17:40:08Z INFO Listener] RuntimeInformation: Microsoft Windows 10.0.18363.
[2020-12-29 17:40:08Z INFO Listener] Version: 2.275.1
[2020-12-29 17:40:08Z INFO Listener] Commit: de955418e4e8e0c51546a8495d9236f24edc1321
[2020-12-29 17:40:08Z INFO Listener] Culture: es-CO
[2020-12-29 17:40:08Z INFO Listener] UI Culture: es-ES
[2020-12-29 17:40:08Z INFO HostContext] Well known directory 'Bin': 'D:\Projects\ApiSaludo\actions-runner\bin'
[2020-12-29 17:40:08Z INFO HostContext] Well known directory 'Root': 'D:\Projects\ApiSaludo\actions-runner'
[2020-12-29 17:40:08Z INFO Listener] Validating directory permissions for: 'D:\Projects\ApiSaludo\actions-runner'
[2020-12-29 17:40:08Z INFO CommandLineParser] Parse
[2020-12-29 17:40:08Z INFO CommandLineParser] Parsing 5 args
[2020-12-29 17:40:08Z INFO CommandLineParser] parsing argument
[2020-12-29 17:40:08Z INFO CommandLineParser] HasArgs: False
[2020-12-29 17:40:08Z INFO CommandLineParser] Adding Command: configure
[2020-12-29 17:40:08Z INFO CommandLineParser] parsing argument
[2020-12-29 17:40:08Z INFO CommandLineParser] HasArgs: True
[2020-12-29 17:40:08Z INFO CommandLineParser] arg: url
[2020-12-29 17:40:08Z INFO CommandLineParser] parsing argument
[2020-12-29 17:40:08Z INFO CommandLineParser] HasArgs: True
[2020-12-29 17:40:08Z INFO CommandLineParser] Adding option 'url': 'https://github.com/londono652/apisaludo'
[2020-12-29 17:40:08Z INFO CommandLineParser] parsing argument
[2020-12-29 17:40:08Z INFO CommandLineParser] HasArgs: True
[2020-12-29 17:40:08Z INFO CommandLineParser] arg: token
[2020-12-29 17:40:08Z INFO CommandLineParser] parsing argument
[2020-12-29 17:40:08Z INFO CommandLineParser] HasArgs: True
[2020-12-29 17:40:08Z INFO CommandLineParser] Adding option 'token': '***'
[2020-12-29 17:40:08Z INFO Listener] Arguments parsed
[2020-12-29 17:40:08Z INFO Runner] ExecuteCommand
[2020-12-29 17:40:08Z INFO ConfigurationStore] currentAssemblyLocation: D:\Projects\ApiSaludo\actions-runner\bin\Runner.Listener.dll
[2020-12-29 17:40:08Z INFO HostContext] Well known directory 'Bin': 'D:\Projects\ApiSaludo\actions-runner\bin'
[2020-12-29 17:40:08Z INFO ConfigurationStore] binPath: D:\Projects\ApiSaludo\actions-runner\bin
[2020-12-29 17:40:08Z INFO HostContext] Well known directory 'Bin': 'D:\Projects\ApiSaludo\actions-runner\bin'
[2020-12-29 17:40:08Z INFO HostContext] Well known directory 'Root': 'D:\Projects\ApiSaludo\actions-runner'
[2020-12-29 17:40:08Z INFO ConfigurationStore] RootFolder: D:\Projects\ApiSaludo\actions-runner
[2020-12-29 17:40:08Z INFO HostContext] Well known directory 'Bin': 'D:\Projects\ApiSaludo\actions-runner\bin'
[2020-12-29 17:40:08Z INFO HostContext] Well known directory 'Root': 'D:\Projects\ApiSaludo\actions-runner'
[2020-12-29 17:40:08Z INFO HostContext] Well known config file 'Runner': 'D:\Projects\ApiSaludo\actions-runner\.runner'
[2020-12-29 17:40:08Z INFO ConfigurationStore] ConfigFilePath: D:\Projects\ApiSaludo\actions-runner\.runner
[2020-12-29 17:40:08Z INFO HostContext] Well known directory 'Bin': 'D:\Projects\ApiSaludo\actions-runner\bin'
[2020-12-29 17:40:08Z INFO HostContext] Well known directory 'Root': 'D:\Projects\ApiSaludo\actions-runner'
[2020-12-29 17:40:08Z INFO HostContext] Well known config file 'Credentials': 'D:\Projects\ApiSaludo\actions-runner\.credentials'
[2020-12-29 17:40:08Z INFO ConfigurationStore] CredFilePath: D:\Projects\ApiSaludo\actions-runner\.credentials
[2020-12-29 17:40:08Z INFO HostContext] Well known directory 'Bin': 'D:\Projects\ApiSaludo\actions-runner\bin'
[2020-12-29 17:40:08Z INFO HostContext] Well known directory 'Root': 'D:\Projects\ApiSaludo\actions-runner'
[2020-12-29 17:40:08Z INFO HostContext] Well known config file 'MigratedCredentials': 'D:\Projects\ApiSaludo\actions-runner\.credentials_migrated'
[2020-12-29 17:40:08Z INFO ConfigurationStore] MigratedCredFilePath: D:\Projects\ApiSaludo\actions-runner\.credentials_migrated
[2020-12-29 17:40:08Z INFO HostContext] Well known directory 'Bin': 'D:\Projects\ApiSaludo\actions-runner\bin'
[2020-12-29 17:40:08Z INFO HostContext] Well known directory 'Root': 'D:\Projects\ApiSaludo\actions-runner'
[2020-12-29 17:40:08Z INFO HostContext] Well known config file 'Service': 'D:\Projects\ApiSaludo\actions-runner\.service'
[2020-12-29 17:40:08Z INFO ConfigurationStore] ServiceConfigFilePath: D:\Projects\ApiSaludo\actions-runner\.service
[2020-12-29 17:40:08Z INFO CommandSettings] Flag 'help': 'False'
[2020-12-29 17:40:08Z INFO CommandSettings] Flag 'version': 'False'
[2020-12-29 17:40:08Z INFO CommandSettings] Flag 'commit': 'False'
[2020-12-29 17:40:08Z INFO CommandSettings] Command 'configure': 'True'
[2020-12-29 17:40:08Z INFO Terminal] WRITE LINE: 
[2020-12-29 17:40:08Z INFO Terminal] WRITE LINE: --------------------------------------------------------------------------------
[2020-12-29 17:40:08Z INFO Terminal] WRITE LINE: |        ____ _ _   _   _       _          _        _   _                      |
[2020-12-29 17:40:08Z INFO Terminal] WRITE LINE: |       / ___(_) |_| | | |_   _| |__      / \   ___| |_(_) ___  _ __  ___      |
[2020-12-29 17:40:08Z INFO Terminal] WRITE LINE: |      | |  _| | __| |_| | | | | '_ \    / _ \ / __| __| |/ _ \| '_ \/ __|     |
[2020-12-29 17:40:08Z INFO Terminal] WRITE LINE: |      | |_| | | |_|  _  | |_| | |_) |  / ___ \ (__| |_| | (_) | | | \__ \     |
[2020-12-29 17:40:08Z INFO Terminal] WRITE LINE: |       \____|_|\__|_| |_|\__,_|_.__/  /_/   \_\___|\__|_|\___/|_| |_|___/     |
[2020-12-29 17:40:08Z INFO Terminal] WRITE LINE: |                                                                              |
[2020-12-29 17:40:08Z INFO Terminal] WRITE: |                       
[2020-12-29 17:40:08Z INFO Terminal] WRITE: Self-hosted runner registration
[2020-12-29 17:40:08Z INFO Terminal] WRITE LINE:                         |
[2020-12-29 17:40:08Z INFO Terminal] WRITE LINE: |                                                                              |
[2020-12-29 17:40:08Z INFO Terminal] WRITE LINE: --------------------------------------------------------------------------------
[2020-12-29 17:40:08Z INFO ConfigurationManager] ConfigureAsync
[2020-12-29 17:40:08Z INFO ConfigurationStore] IsConfigured()
[2020-12-29 17:40:08Z INFO ConfigurationStore] IsConfigured: True
[2020-12-29 17:40:08Z INFO ConfigurationManager] Is configured: True
[2020-12-29 17:40:08Z ERR  Runner] System.InvalidOperationException: Cannot configure the runner because it is already configured. To reconfigure the runner, run 'config.cmd remove' or './config.sh remove' first.
   at GitHub.Runner.Listener.Configuration.ConfigurationManager.ConfigureAsync(CommandSettings command)
   at GitHub.Runner.Listener.Runner.ExecuteCommand(CommandSettings command)
[2020-12-29 17:40:08Z ERR  Terminal] WRITE ERROR: Cannot configure the runner because it is already configured. To reconfigure the runner, run 'config.cmd remove' or './config.sh remove' first.
[2020-12-29 17:40:08Z INFO Listener] Runner execution has finished with return code 1
